<?xml version="1.0" encoding="UTF-8"?>
<!-- Generated by org.testng.reporters.JUnitXMLReporter -->
<testsuite hostname="MACAIM00840" ignored="0" name="Test" tests="2" failures="1" timestamp="2019-10-16T19:00:49 IST" time="21.022" errors="0">
  <testcase name="basePageNavigation" time="0.074" classname="demo.selenium.SeleniumFramework.Validatedata"/>
  <testcase name="navBar" time="0.081" classname="demo.selenium.SeleniumFramework.Validatedata">
    <failure type="java.lang.AssertionError" message="did not expect to find [true] but found [false]">
      <![CDATA[java.lang.AssertionError: did not expect to find [true] but found [false]
at demo.selenium.SeleniumFramework.Validatedata.navBar(Validatedata.java:69)
at java.util.ArrayList.forEach(ArrayList.java:1249)
... Removed 32 stack frames]]>
    </failure>
  </testcase> <!-- navBar -->
</testsuite> <!-- Test -->
