<?xml version="1.0" encoding="UTF-8"?>
<testng-results skipped="0" failed="1" ignored="0" total="4" passed="3">
  <reporter-output>
  </reporter-output>
  <suite name="Suite" duration-ms="57952" started-at="2019-10-16T19:00:28 IST" finished-at="2019-10-16T19:01:26 IST">
    <groups>
    </groups>
    <test name="Test" duration-ms="21022" started-at="2019-10-16T19:00:28 IST" finished-at="2019-10-16T19:00:49 IST">
      <class name="demo.selenium.SeleniumFramework.Validatedata">
        <test-method status="PASS" signature="initialize()[pri:0, instance:demo.selenium.SeleniumFramework.Validatedata@7fa98a66]" name="initialize" is-config="true" duration-ms="19162" started-at="2019-10-16T19:00:28 IST" finished-at="2019-10-16T19:00:47 IST">
          <reporter-output>
          </reporter-output>
        </test-method> <!-- initialize -->
        <test-method status="PASS" signature="basePageNavigation()[pri:0, instance:demo.selenium.SeleniumFramework.Validatedata@7fa98a66]" name="basePageNavigation" duration-ms="74" started-at="2019-10-16T19:00:47 IST" finished-at="2019-10-16T19:00:47 IST">
          <reporter-output>
          </reporter-output>
        </test-method> <!-- basePageNavigation -->
        <test-method status="FAIL" signature="navBar()[pri:0, instance:demo.selenium.SeleniumFramework.Validatedata@7fa98a66]" name="navBar" duration-ms="81" started-at="2019-10-16T19:00:47 IST" finished-at="2019-10-16T19:00:47 IST">
          <exception class="java.lang.AssertionError">
            <message>
              <![CDATA[did not expect to find [true] but found [false]]]>
            </message>
            <full-stacktrace>
              <![CDATA[java.lang.AssertionError: did not expect to find [true] but found [false]
at org.testng.Assert.fail(Assert.java:97)
at org.testng.Assert.failNotEquals(Assert.java:969)
at org.testng.Assert.assertTrue(Assert.java:43)
at org.testng.Assert.assertTrue(Assert.java:53)
at demo.selenium.SeleniumFramework.Validatedata.navBar(Validatedata.java:69)
at sun.reflect.NativeMethodAccessorImpl.invoke0(Native Method)
at sun.reflect.NativeMethodAccessorImpl.invoke(NativeMethodAccessorImpl.java:62)
at sun.reflect.DelegatingMethodAccessorImpl.invoke(DelegatingMethodAccessorImpl.java:43)
at java.lang.reflect.Method.invoke(Method.java:497)
at org.testng.internal.MethodInvocationHelper.invokeMethod(MethodInvocationHelper.java:133)
at org.testng.internal.TestInvoker.invokeMethod(TestInvoker.java:584)
at org.testng.internal.TestInvoker.invokeTestMethod(TestInvoker.java:172)
at org.testng.internal.MethodRunner.runInSequence(MethodRunner.java:46)
at org.testng.internal.TestInvoker$MethodInvocationAgent.invoke(TestInvoker.java:804)
at org.testng.internal.TestInvoker.invokeTestMethods(TestInvoker.java:145)
at org.testng.internal.TestMethodWorker.invokeTestMethods(TestMethodWorker.java:146)
at org.testng.internal.TestMethodWorker.run(TestMethodWorker.java:128)
at org.testng.TestRunner$$Lambda$168/1844334363.accept(Unknown Source)
at java.util.ArrayList.forEach(ArrayList.java:1249)
at org.testng.TestRunner.privateRun(TestRunner.java:770)
at org.testng.TestRunner.run(TestRunner.java:591)
at org.testng.SuiteRunner.runTest(SuiteRunner.java:402)
at org.testng.SuiteRunner.runSequentially(SuiteRunner.java:396)
at org.testng.SuiteRunner.privateRun(SuiteRunner.java:355)
at org.testng.SuiteRunner.run(SuiteRunner.java:304)
at org.testng.SuiteRunnerWorker.runSuite(SuiteRunnerWorker.java:53)
at org.testng.SuiteRunnerWorker.run(SuiteRunnerWorker.java:96)
at org.testng.TestNG.runSuitesSequentially(TestNG.java:1180)
at org.testng.TestNG.runSuitesLocally(TestNG.java:1102)
at org.testng.TestNG.runSuites(TestNG.java:1032)
at org.testng.TestNG.run(TestNG.java:1000)
at org.testng.remote.AbstractRemoteTestNG.run(AbstractRemoteTestNG.java:115)
at org.testng.remote.RemoteTestNG.initAndRun(RemoteTestNG.java:251)
at org.testng.remote.RemoteTestNG.main(RemoteTestNG.java:77)
]]>
            </full-stacktrace>
          </exception> <!-- java.lang.AssertionError -->
          <reporter-output>
          </reporter-output>
        </test-method> <!-- navBar -->
        <test-method status="PASS" signature="closebrowser()[pri:0, instance:demo.selenium.SeleniumFramework.Validatedata@7fa98a66]" name="closebrowser" is-config="true" duration-ms="205" started-at="2019-10-16T19:00:48 IST" finished-at="2019-10-16T19:00:49 IST">
          <reporter-output>
          </reporter-output>
        </test-method> <!-- closebrowser -->
      </class> <!-- demo.selenium.SeleniumFramework.Validatedata -->
    </test> <!-- Test -->
    <test name="Test1" duration-ms="36771" started-at="2019-10-16T19:00:49 IST" finished-at="2019-10-16T19:01:26 IST">
      <class name="demo.selenium.SeleniumFramework.HomePage">
        <test-method status="PASS" signature="initialize()[pri:0, instance:demo.selenium.SeleniumFramework.HomePage@5876a9af]" name="initialize" is-config="true" duration-ms="5088" started-at="2019-10-16T19:00:49 IST" finished-at="2019-10-16T19:00:54 IST">
          <reporter-output>
          </reporter-output>
        </test-method> <!-- initialize -->
        <test-method status="PASS" signature="basePageNavigation(java.lang.String, java.lang.String)[pri:0, instance:demo.selenium.SeleniumFramework.HomePage@5876a9af]" name="basePageNavigation" duration-ms="24849" started-at="2019-10-16T19:00:54 IST" data-provider="getData" finished-at="2019-10-16T19:01:19 IST">
          <params>
            <param index="0">
              <value>
                <![CDATA[nonrestricteduser@gmail.com]]>
              </value>
            </param>
            <param index="1">
              <value>
                <![CDATA[123456]]>
              </value>
            </param>
          </params>
          <reporter-output>
          </reporter-output>
        </test-method> <!-- basePageNavigation -->
        <test-method status="PASS" signature="basePageNavigation(java.lang.String, java.lang.String)[pri:0, instance:demo.selenium.SeleniumFramework.HomePage@5876a9af]" name="basePageNavigation" duration-ms="6714" started-at="2019-10-16T19:01:19 IST" data-provider="getData" finished-at="2019-10-16T19:01:25 IST">
          <params>
            <param index="0">
              <value>
                <![CDATA[restricteduser@gmail.com]]>
              </value>
            </param>
            <param index="1">
              <value>
                <![CDATA[123456]]>
              </value>
            </param>
          </params>
          <reporter-output>
          </reporter-output>
        </test-method> <!-- basePageNavigation -->
        <test-method status="PASS" signature="closebrowser()[pri:0, instance:demo.selenium.SeleniumFramework.HomePage@5876a9af]" name="closebrowser" is-config="true" duration-ms="112" started-at="2019-10-16T19:01:25 IST" finished-at="2019-10-16T19:01:26 IST">
          <reporter-output>
          </reporter-output>
        </test-method> <!-- closebrowser -->
      </class> <!-- demo.selenium.SeleniumFramework.HomePage -->
    </test> <!-- Test1 -->
  </suite> <!-- Suite -->
</testng-results>
